

*******************************************************************************
Thu Feb 28 23:55:06 2013


FIT:    data read from "sky_flat.dat" using 1:(1)
        format = x:z
        #datapoints = 470
        residuals are weighted equally (unit weight)

function used for fitting: f(x)
fitted parameters initialized with current variable values



 Iteration 0
 WSSR        : 1365.1            delta(WSSR)/WSSR   : 0
 delta(WSSR) : 0                 limit for stopping : 1e-05
 lambda	  : 0.905281

initial set of free parameter values

a               = 1
b               = 1
c               = 1

After 13 iterations the fit converged.
final sum of squares of residuals : 7.90334e-27
rel. change during last iteration : 0

degrees of freedom    (FIT_NDF)                        : 467
rms of residuals      (FIT_STDFIT) = sqrt(WSSR/ndf)    : 4.11383e-15
variance of residuals (reduced chisquare) = WSSR/ndf   : 1.69236e-29

Final set of parameters            Asymptotic Standard Error
=======================            ==========================

a               = 1                +/- 1.199e-15    (1.199e-13%)
b               = 8.56072e-13      +/- 1.448e-15    (0.1692%)
c               = -4.94623e-13     +/- 9.601e-16    (0.1941%)


correlation matrix of the fit parameters:

               a      b      c      
a               1.000 
b              -0.803  1.000 
c              -0.165 -0.437  1.000 


*******************************************************************************
Thu Feb 28 23:56:08 2013


FIT:    data read from "sky_flat.dat" using 1:(1)
        format = x:z
        #datapoints = 470
        residuals are weighted equally (unit weight)

function used for fitting: f(x)
fitted parameters initialized with current variable values



 Iteration 0
 WSSR        : 265.836           delta(WSSR)/WSSR   : 0
 delta(WSSR) : 0                 limit for stopping : 1e-05
 lambda	  : 0.883508

initial set of free parameter values

a               = 1
b               = 8.56072e-13
c               = -4.94623e-13
d               = 1

After 53 iterations the fit converged.
final sum of squares of residuals : 4.79221e-28
rel. change during last iteration : 0

degrees of freedom    (FIT_NDF)                        : 466
rms of residuals      (FIT_STDFIT) = sqrt(WSSR/ndf)    : 1.01409e-15
variance of residuals (reduced chisquare) = WSSR/ndf   : 1.02837e-30

Final set of parameters            Asymptotic Standard Error
=======================            ==========================

a               = 1                +/- 8.249e-16    (8.249e-14%)
b               = -2.98023e-12     +/- 1.347e-15    (0.04521%)
c               = 3.49297e-12      +/- 1.038e-15    (0.02972%)
d               = -1.35403e-12     +/- 9.584e-16    (0.07078%)


correlation matrix of the fit parameters:

               a      b      c      d      
a               1.000 
b              -0.919  1.000 
c              -0.285 -0.057  1.000 
d               0.740 -0.564 -0.758  1.000 


*******************************************************************************
Fri Mar  1 00:12:36 2013


FIT:    data read from "sky.dat" using 1:2:(1)
        format = x:z:s
        #datapoints = 470
function used for fitting: f(x)
fitted parameters initialized with current variable values



 Iteration 0
 WSSR        : 1.22924e+16       delta(WSSR)/WSSR   : 0
 delta(WSSR) : 0                 limit for stopping : 1e-05
 lambda	  : 2.54454e+06

initial set of free parameter values

a               = 1
b               = 1
c               = 1
d               = 1

After 9 iterations the fit converged.
final sum of squares of residuals : 0.0168852
rel. change during last iteration : -4.92291e-07

degrees of freedom    (FIT_NDF)                        : 466
rms of residuals      (FIT_STDFIT) = sqrt(WSSR/ndf)    : 0.0060195
variance of residuals (reduced chisquare) = WSSR/ndf   : 3.62344e-05

Final set of parameters            Asymptotic Standard Error
=======================            ==========================

a               = 1.01393          +/- 0.001102     (0.1087%)
b               = -0.000769646     +/- 4.019e-05    (5.222%)
c               = 3.69504e-07      +/- 3.931e-07    (106.4%)
d               = -1.22093e-08     +/- 1.087e-09    (8.905%)


correlation matrix of the fit parameters:

               a      b      c      d      
a               1.000 
b              -0.864  1.000 
c               0.743 -0.968  1.000 
d              -0.658  0.916 -0.986  1.000 


*******************************************************************************
Fri Mar  1 00:13:26 2013


FIT:    data read from "sky.dat" using 1:2:(1)
        format = x:z:s
        #datapoints = 470
function used for fitting: f(x)
fitted parameters initialized with current variable values



 Iteration 0
 WSSR        : 7.31786e+07       delta(WSSR)/WSSR   : 0
 delta(WSSR) : 0                 limit for stopping : 1e-05
 lambda	  : 5.3396e+08

initial set of free parameter values

a               = 1.01393
b               = -0.000769646
c               = 3.69504e-07
d               = -1.22093e-08

After 5 iterations the fit converged.
final sum of squares of residuals : 0.0159826
rel. change during last iteration : -2.59924e-06

degrees of freedom    (FIT_NDF)                        : 466
rms of residuals      (FIT_STDFIT) = sqrt(WSSR/ndf)    : 0.0058564
variance of residuals (reduced chisquare) = WSSR/ndf   : 3.42975e-05

Final set of parameters            Asymptotic Standard Error
=======================            ==========================

a               = 1.01393          +/- 0.0008956    (0.08833%)
b               = -0.000769649     +/- 1.959e-05    (2.545%)
c               = -1.56239e-11     +/- 5.049e-12    (32.31%)
d               = -7.14457e-09     +/- 1.412e-09    (19.76%)


correlation matrix of the fit parameters:

               a      b      c      d      
a               1.000 
b              -0.865  1.000 
c              -0.598  0.866  1.000 
d               0.659 -0.916 -0.992  1.000 


*******************************************************************************
Fri Mar  1 00:13:29 2013


FIT:    data read from "sky.dat" using 1:2:(1)
        format = x:z:s
        #datapoints = 470
function used for fitting: f(x)
fitted parameters initialized with current variable values



 Iteration 0
 WSSR        : 0.0159826         delta(WSSR)/WSSR   : 0
 delta(WSSR) : 0                 limit for stopping : 1e-05
 lambda	  : 5.3396e+08

initial set of free parameter values

a               = 1.01393
b               = -0.000769649
c               = -1.56239e-11
d               = -7.14457e-09

After 1 iterations the fit converged.
final sum of squares of residuals : 0.0159826
rel. change during last iteration : -2.36613e-14

degrees of freedom    (FIT_NDF)                        : 466
rms of residuals      (FIT_STDFIT) = sqrt(WSSR/ndf)    : 0.0058564
variance of residuals (reduced chisquare) = WSSR/ndf   : 3.42975e-05

Final set of parameters            Asymptotic Standard Error
=======================            ==========================

a               = 1.01393          +/- 0.0008956    (0.08833%)
b               = -0.000769649     +/- 1.959e-05    (2.545%)
c               = -1.56239e-11     +/- 5.049e-12    (32.31%)
d               = -7.14457e-09     +/- 1.412e-09    (19.76%)


correlation matrix of the fit parameters:

               a      b      c      d      
a               1.000 
b              -0.865  1.000 
c              -0.598  0.866  1.000 
d               0.659 -0.916 -0.992  1.000 


*******************************************************************************
Fri Mar  1 00:13:41 2013


FIT:    data read from "sky.dat" using 1:2:(1)
        format = x:z:s
        #datapoints = 470
function used for fitting: f(x)
fitted parameters initialized with current variable values



 Iteration 0
 WSSR        : 6004.71           delta(WSSR)/WSSR   : 0
 delta(WSSR) : 0                 limit for stopping : 1e-05
 lambda	  : 1.14921e+11

initial set of free parameter values

a               = 1.01393
b               = -0.000769649
c               = -1.56239e-11
d               = -7.14457e-09

After 7 iterations the fit converged.
final sum of squares of residuals : 0.0153014
rel. change during last iteration : -1.44664e-06

degrees of freedom    (FIT_NDF)                        : 466
rms of residuals      (FIT_STDFIT) = sqrt(WSSR/ndf)    : 0.00573023
variance of residuals (reduced chisquare) = WSSR/ndf   : 3.28356e-05

Final set of parameters            Asymptotic Standard Error
=======================            ==========================

a               = 1.01393          +/- 0.0008417    (0.08301%)
b               = -0.00076965      +/- 1.678e-05    (2.18%)
c               = -4.71494e-14     +/- 1.085e-14    (23.01%)
d               = -8.32121e-09     +/- 7.772e-10    (9.34%)


correlation matrix of the fit parameters:

               a      b      c      d      
a               1.000 
b              -0.865  1.000 
c              -0.551  0.820  1.000 
d               0.659 -0.916 -0.975  1.000 


*******************************************************************************
Fri Mar  1 00:14:18 2013


FIT:    data read from "sky.dat" using 1:2:(1)
        format = x:z:s
        #datapoints = 470
function used for fitting: f(x)
fitted parameters initialized with current variable values



 Iteration 0
 WSSR        : 2.48288e+25       delta(WSSR)/WSSR   : 0
 delta(WSSR) : 0                 limit for stopping : 1e-05
 lambda	  : 1.02789e+11

initial set of free parameter values

a               = 1.01393
b               = -0.00076965
c               = -4.71494e-14
d               = -8.32121e-09
e               = 1

After 14 iterations the fit converged.
final sum of squares of residuals : 0.0016708
rel. change during last iteration : -1.33931e-10

degrees of freedom    (FIT_NDF)                        : 465
rms of residuals      (FIT_STDFIT) = sqrt(WSSR/ndf)    : 0.00189555
variance of residuals (reduced chisquare) = WSSR/ndf   : 3.59311e-06

Final set of parameters            Asymptotic Standard Error
=======================            ==========================

a               = 1.00475          +/- 0.000347     (0.03453%)
b               = -0.00027789      +/- 1.107e-05    (3.985%)
c               = -1.26563e-07     +/- 2.054e-09    (1.623%)
d               = 9.76049e-10      +/- 1.633e-11    (1.673%)
e               = -2.22584e-12     +/- 3.586e-14    (1.611%)


correlation matrix of the fit parameters:

               a      b      c      d      e      
a               1.000 
b              -0.864  1.000 
c               0.658 -0.916  1.000 
d              -0.597  0.865 -0.992  1.000 
e               0.550 -0.820  0.975 -0.995  1.000 
